<?xml version="1.0" encoding="UTF-8" standalone="no"?>
<testsuite failures="0" name="cucumber.runtime.formatter.JUnitFormatter" skipped="0" tests="6" time="115.000197">
    <testcase classname="Automation on uniform website application" name="Dashboard" time="41.690105">
        <system-out><![CDATA[Given User is on  unfirom application login page............................passed
When user enter "admin" and "admin@123".....................................passed
And click on login buttton..................................................passed
Then user will be logged in.................................................passed
Given user is on the dashboard page.........................................passed
When user hover over the catalog............................................passed
When user click on product..................................................passed
Then user is directed to product page.......................................passed
Given user is on product page...............................................passed
When user enter details "Brown T shirt","1500","RTS-012"and ""..............passed
And user selects "0"........................................................passed
When click on filter button.................................................passed
Then user gets the details of the product...................................passed
When user selects product to be copied......................................passed
When user clicks on copy....................................................passed
Then copying is done........................................................passed
When user selects product to be deleted.....................................passed
When user clicks on delete..................................................passed
Then user deletion is done..................................................passed
When user clicks on product name field......................................passed
Then product list is sortedin descending order..............................passed
When user clicks on  model field............................................passed
Then list is sorted in ascending order......................................passed
When user clicks on price field.............................................passed
Then price row is sorted in descending order................................passed
When user clicks on quantity field..........................................passed
Then user is sorted in descending order.....................................passed
]]></system-out>
    </testcase>
    <testcase classname="Automation on uniform website application" name="" time="14.337037">
        <system-out><![CDATA[Given User is on  unfirom application login page............................passed
When user enter "admin" and "admin@123".....................................passed
And click on login buttton..................................................passed
Then user will be logged in.................................................passed
Given user is on dashboard page.............................................passed
When user hover over the menu...............................................passed
When user click on  the product.............................................passed
Then user is navigated to product page......................................passed
When user clicks on add product.............................................passed
Then user is navigated to add product page..................................passed
When user adds "A","White coat","a","apron","ap12" and "apr12"..............passed
When user clicks on save....................................................passed
Then user data gets "Warning: Please check the form carefully for errors!"..passed
]]></system-out>
    </testcase>
    <testcase classname="Automation on uniform website application" name="_2" time="12.777941">
        <system-out><![CDATA[Given User is on  unfirom application login page............................passed
When user enter "admin" and "admin@123".....................................passed
And click on login buttton..................................................passed
Then user will be logged in.................................................passed
Given user is on dashboard page.............................................passed
When user hover over the menu...............................................passed
When user click on  the product.............................................passed
Then user is navigated to product page......................................passed
When user clicks on add product.............................................passed
Then user is navigated to add product page..................................passed
When user adds "Apron","White coat","apron","apron","ap12" and "apr12"......passed
When user clicks on save....................................................passed
Then user data gets "Success: You have modified products!"..................passed
]]></system-out>
    </testcase>
    <testcase classname="Automation on uniform website application" name="Edit" time="17.489329">
        <system-out><![CDATA[Given User is on  unfirom application login page............................passed
When user enter "admin" and "admin@123".....................................passed
And click on login buttton..................................................passed
Then user will be logged in.................................................passed
Given user is navigated to dashboard page...................................passed
When user hover over the menu element.......................................passed
When user click on  the product tag.........................................passed
Then user is redirected to product page.....................................passed
When user click on product to be edited.....................................passed
Then user is directed to edit page..........................................passed
When user edits "j", "leather", "j", "jacket", "jaket12", "jacket12" , "jk12","220".passed
When user clicks on save button.............................................passed
Then user gets "Warning: Please check the form carefully for errors!".......passed
]]></system-out>
    </testcase>
    <testcase classname="Automation on uniform website application" name="Edit_2" time="15.255304">
        <system-out><![CDATA[Given User is on  unfirom application login page............................passed
When user enter "admin" and "admin@123".....................................passed
And click on login buttton..................................................passed
Then user will be logged in.................................................passed
Given user is navigated to dashboard page...................................passed
When user hover over the menu element.......................................passed
When user click on  the product tag.........................................passed
Then user is redirected to product page.....................................passed
When user click on product to be edited.....................................passed
Then user is directed to edit page..........................................passed
When user edits "jacket", "leather", "jacket", "jacket", "jaket12", "jacket12" , "jk12","220".passed
When user clicks on save button.............................................passed
Then user gets "Success: You have modified products!".......................passed
]]></system-out>
    </testcase>
    <testcase classname="Automation on uniform website application" name="" time="13.450481">
        <system-out><![CDATA[Given User is on  unfirom application login page............................passed
When user enter "admin" and "admin@123".....................................passed
And click on login buttton..................................................passed
Then user will be logged in.................................................passed
Given user is at dashboard page.............................................passed
When user hover over the catalog tag........................................passed
When user click on  the prod tag............................................passed
Then user is navigated to prod page.........................................passed
When user clicks on add product element.....................................passed
Then user is navigated to adding product page...............................passed
When user clicks on cancel button...........................................passed
Then user is redirected to the product page.................................passed
]]></system-out>
    </testcase>
</testsuite>
